<?xml version="1.0" encoding="UTF-8"?>
<!-- Generated by org.testng.reporters.JUnitReportReporter -->
<testsuite hostname="RED-WING" failures="0" tests="1" name="tests.NewTest" time="1.506" errors="0" timestamp="2025-03-10T17:33:54 IST" skipped="0">
  <testcase classname="tests.NewTest" name="checkDefaultOrderOfRevenue" time="1.506"/>
</testsuite> <!-- tests.NewTest -->
