<?xml version="1.0" encoding="UTF-8"?>
<!-- Generated by org.testng.reporters.JUnitReportReporter -->
<testsuite hostname="RED-WING" failures="0" tests="1" name="tests.Tests" time="13.146" errors="0" timestamp="2025-03-17T03:44:50 IST" skipped="0">
  <testcase classname="tests.Tests" name="testOpenPlierInfo" time="13.146"/>
</testsuite> <!-- tests.Tests -->
